Base path: 'C:/Program Files/Unity/Hub/Editor/2019.4.25f1/Editor/Data', plugins path 'C:/Program Files/Unity/Hub/Editor/2019.4.25f1/Editor/Data/PlaybackEngines'
Cmd: initializeCompiler
Cmd: compileComputeKernel
  api=4 insize=775 outsize=4420 ok=1
Cmd: compileComputeKernel
  api=4 insize=958 outsize=1620 ok=1
Cmd: compileComputeKernel
  api=4 insize=958 outsize=1528 ok=1
Cmd: compileComputeKernel
  api=4 insize=222 outsize=680 ok=1
Cmd: compileComputeKernel
  api=4 insize=759 outsize=695 ok=1
Cmd: compileComputeKernel
  api=4 insize=759 outsize=777 ok=1
Cmd: compileComputeKernel
  api=4 insize=759 outsize=872 ok=1
Cmd: compileComputeKernel
  api=4 insize=3405 outsize=22258 ok=1
Cmd: compileComputeKernel
  api=4 insize=3405 outsize=3084 ok=1
Cmd: compileComputeKernel
  api=4 insize=3405 outsize=3725 ok=1
Cmd: compileComputeKernel
  api=4 insize=3405 outsize=1905 ok=1
Cmd: compileComputeKernel
  api=4 insize=3405 outsize=15720 ok=1
Cmd: compileComputeKernel
  api=4 insize=13751 outsize=1198 ok=1
Cmd: compileComputeKernel
  api=4 insize=13751 outsize=2479 ok=1
Cmd: compileComputeKernel
  api=4 insize=20570 outsize=37617 ok=1
Cmd: compileComputeKernel
  api=4 insize=82071 outsize=2850 ok=1
Cmd: compileComputeKernel
  api=4 insize=82071 outsize=3099 ok=1
Cmd: compileComputeKernel
  api=4 insize=82071 outsize=5708 ok=1
Cmd: compileComputeKernel
  api=4 insize=82071 outsize=1489 ok=1
Cmd: compileComputeKernel
  api=4 insize=82071 outsize=2077 ok=1
Cmd: compileComputeKernel
  api=4 insize=82071 outsize=3685 ok=1
Cmd: compileComputeKernel
  api=4 insize=82071 outsize=3375 ok=1
Cmd: compileComputeKernel
  api=4 insize=82071 outsize=3398 ok=1
Cmd: compileComputeKernel
  api=4 insize=82071 outsize=1894 ok=1
Cmd: compileComputeKernel
  api=4 insize=82071 outsize=3471 ok=1
Cmd: compileComputeKernel
  api=4 insize=82071 outsize=4872 ok=1
Cmd: compileComputeKernel
  api=4 insize=82071 outsize=3372 ok=1
Cmd: compileComputeKernel
  api=4 insize=82071 outsize=3716 ok=1
Cmd: compileComputeKernel
  api=4 insize=82071 outsize=3468 ok=1
Cmd: compileComputeKernel
  api=4 insize=82071 outsize=3475 ok=1
Cmd: compileComputeKernel
  api=4 insize=82071 outsize=4419 ok=1
Cmd: compileComputeKernel
  api=4 insize=82071 outsize=5039 ok=1
Cmd: compileComputeKernel
  api=4 insize=82071 outsize=5071 ok=1
Cmd: compileComputeKernel
  api=4 insize=82071 outsize=5069 ok=1
Cmd: compileComputeKernel
  api=4 insize=82071 outsize=3460 ok=1
Cmd: compileComputeKernel
  api=4 insize=82071 outsize=3429 ok=1
Cmd: compileComputeKernel
  api=4 insize=82071 outsize=3370 ok=1
Cmd: compileComputeKernel
  api=4 insize=82071 outsize=1750 ok=1
Cmd: compileComputeKernel
  api=4 insize=82071 outsize=2266 ok=1
Cmd: compileComputeKernel
  api=4 insize=82071 outsize=3638 ok=1
Cmd: compileComputeKernel
  api=4 insize=467 outsize=2137 ok=1
Cmd: compileComputeKernel
  api=4 insize=11929 outsize=2274 ok=1
Cmd: compileComputeKernel
  api=4 insize=11929 outsize=2339 ok=1
Cmd: compileComputeKernel
  api=4 insize=11929 outsize=2299 ok=1
Cmd: compileComputeKernel
  api=4 insize=11929 outsize=2275 ok=1
Cmd: compileComputeKernel
  api=4 insize=18478 outsize=7656 ok=1
Cmd: compileComputeKernel
  api=4 insize=76455 outsize=7888 ok=1
Cmd: compileComputeKernel
  api=4 insize=467 outsize=3140 ok=1
Cmd: compileComputeKernel
  api=4 insize=13363 outsize=10970 ok=1
Cmd: compileComputeKernel
  api=4 insize=958 outsize=1465 ok=1
Cmd: compileComputeKernel
  api=4 insize=958 outsize=1499 ok=1
Cmd: compileComputeKernel
  api=4 insize=3167 outsize=2266 ok=1
Cmd: compileComputeKernel
  api=4 insize=10641 outsize=772 ok=1
Cmd: compileComputeKernel
  api=4 insize=10641 outsize=770 ok=1
Cmd: compileComputeKernel
  api=4 insize=10641 outsize=1023 ok=1
Cmd: compileComputeKernel
  api=4 insize=10641 outsize=759 ok=1
Cmd: compileComputeKernel
  api=4 insize=10641 outsize=857 ok=1
Cmd: compileComputeKernel
  api=4 insize=10641 outsize=1018 ok=1
Cmd: compileComputeKernel
  api=4 insize=10641 outsize=886 ok=1
Cmd: compileComputeKernel
  api=4 insize=10641 outsize=629 ok=1
Cmd: compileComputeKernel
  api=4 insize=10641 outsize=693 ok=1
Cmd: compileComputeKernel
  api=4 insize=10641 outsize=1298 ok=1
Cmd: compileComputeKernel
  api=4 insize=10641 outsize=1484 ok=1
Cmd: compileComputeKernel
  api=4 insize=10641 outsize=1369 ok=1
Cmd: compileComputeKernel
  api=4 insize=10641 outsize=1465 ok=1
Cmd: compileComputeKernel
  api=4 insize=10641 outsize=1311 ok=1
Cmd: compileComputeKernel
  api=4 insize=10641 outsize=1284 ok=1
Cmd: compileComputeKernel
  api=4 insize=10641 outsize=1843 ok=1
Cmd: compileComputeKernel
  api=4 insize=10641 outsize=1596 ok=1
Cmd: compileComputeKernel
  api=4 insize=10641 outsize=1628 ok=1
Cmd: compileComputeKernel
  api=4 insize=10641 outsize=1805 ok=1
Cmd: compileComputeKernel
  api=4 insize=10641 outsize=1264 ok=1
Cmd: compileComputeKernel
  api=4 insize=10641 outsize=1287 ok=1
Cmd: compileComputeKernel
  api=4 insize=4442 outsize=1449 ok=1
Cmd: shutdown
