Base path: 'C:/Program Files/Unity/Hub/Editor/2019.4.25f1/Editor/Data', plugins path 'C:/Program Files/Unity/Hub/Editor/2019.4.25f1/Editor/Data/PlaybackEngines'
Cmd: initializeCompiler
Cmd: compileComputeKernel
  api=4 insize=775 outsize=14204 ok=1
Cmd: compileComputeKernel
  api=4 insize=958 outsize=1465 ok=1
Cmd: compileComputeKernel
  api=4 insize=958 outsize=1499 ok=1
Cmd: compileComputeKernel
  api=4 insize=759 outsize=1094 ok=1
Cmd: compileComputeKernel
  api=4 insize=759 outsize=749 ok=1
Cmd: compileComputeKernel
  api=4 insize=759 outsize=1134 ok=1
Cmd: compileComputeKernel
  api=4 insize=3405 outsize=35257 ok=1
Cmd: compileComputeKernel
  api=4 insize=3405 outsize=3084 ok=1
Cmd: compileComputeKernel
  api=4 insize=3405 outsize=3725 ok=1
Cmd: compileComputeKernel
  api=4 insize=3405 outsize=1572 ok=1
Cmd: compileComputeKernel
  api=4 insize=3405 outsize=1969 ok=1
Cmd: compileComputeKernel
  api=4 insize=3405 outsize=5359 ok=1
Cmd: compileComputeKernel
  api=4 insize=3405 outsize=15993 ok=1
Cmd: compileComputeKernel
  api=4 insize=13751 outsize=1099 ok=1
Cmd: compileComputeKernel
  api=4 insize=13751 outsize=1971 ok=1
Cmd: compileComputeKernel
  api=4 insize=13751 outsize=1364 ok=1
Cmd: compileComputeKernel
  api=4 insize=82071 outsize=2922 ok=1
Cmd: compileComputeKernel
  api=4 insize=82071 outsize=3099 ok=1
Cmd: compileComputeKernel
  api=4 insize=82071 outsize=2631 ok=1
Cmd: compileComputeKernel
  api=4 insize=82071 outsize=2634 ok=1
Cmd: compileComputeKernel
  api=4 insize=82071 outsize=1461 ok=1
Cmd: compileComputeKernel
  api=4 insize=82071 outsize=1335 ok=1
Cmd: compileComputeKernel
  api=4 insize=82071 outsize=3335 ok=1
Cmd: compileComputeKernel
  api=4 insize=82071 outsize=3375 ok=1
Cmd: compileComputeKernel
  api=4 insize=82071 outsize=3398 ok=1
Cmd: compileComputeKernel
  api=4 insize=82071 outsize=3480 ok=1
Cmd: compileComputeKernel
  api=4 insize=82071 outsize=3447 ok=1
Cmd: compileComputeKernel
  api=4 insize=82071 outsize=3399 ok=1
Cmd: compileComputeKernel
  api=4 insize=82071 outsize=3485 ok=1
Cmd: compileComputeKernel
  api=4 insize=82071 outsize=3489 ok=1
Cmd: compileComputeKernel
  api=4 insize=82071 outsize=3472 ok=1
Cmd: compileComputeKernel
  api=4 insize=82071 outsize=1364 ok=1
Cmd: compileComputeKernel
  api=4 insize=82071 outsize=5039 ok=1
Cmd: compileComputeKernel
  api=4 insize=82071 outsize=5479 ok=1
Cmd: compileComputeKernel
  api=4 insize=82071 outsize=5194 ok=1
Cmd: compileComputeKernel
  api=4 insize=82071 outsize=5073 ok=1
Cmd: compileComputeKernel
  api=4 insize=82071 outsize=3414 ok=1
Cmd: compileComputeKernel
  api=4 insize=82071 outsize=3574 ok=1
Cmd: compileComputeKernel
  api=4 insize=82071 outsize=3309 ok=1
Cmd: compileComputeKernel
  api=4 insize=82071 outsize=1590 ok=1
Cmd: compileComputeKernel
  api=4 insize=82071 outsize=1680 ok=1
Cmd: compileComputeKernel
  api=4 insize=82071 outsize=923 ok=1
Cmd: compileComputeKernel
  api=4 insize=82071 outsize=3114 ok=1
Cmd: compileComputeKernel
  api=4 insize=82071 outsize=1358 ok=1
Cmd: compileComputeKernel
  api=4 insize=467 outsize=3276 ok=1
Cmd: compileComputeKernel
  api=4 insize=11929 outsize=2916 ok=1
Cmd: compileComputeKernel
  api=4 insize=11929 outsize=2340 ok=1
Cmd: compileComputeKernel
  api=4 insize=11929 outsize=2884 ok=1
Cmd: compileComputeKernel
  api=4 insize=4458 outsize=3004 ok=1
Cmd: compileComputeKernel
  api=4 insize=18478 outsize=14017 ok=1
Cmd: compileComputeKernel
  api=4 insize=76455 outsize=2756 ok=1
Cmd: compileComputeKernel
  api=4 insize=76455 outsize=1071 ok=1
Cmd: compileComputeKernel
  api=4 insize=76455 outsize=13587 ok=1
Cmd: compileComputeKernel
  api=4 insize=467 outsize=3147 ok=1
Cmd: compileComputeKernel
  api=4 insize=13363 outsize=10417 ok=1
Cmd: compileComputeKernel
  api=4 insize=958 outsize=1465 ok=1
Cmd: compileComputeKernel
  api=4 insize=958 outsize=1502 ok=1
Cmd: compileComputeKernel
  api=4 insize=3167 outsize=2302 ok=1
Cmd: compileComputeKernel
  api=4 insize=776 outsize=10704 ok=1
Cmd: compileComputeKernel
  api=4 insize=10641 outsize=629 ok=1
Cmd: compileComputeKernel
  api=4 insize=10641 outsize=675 ok=1
Cmd: compileComputeKernel
  api=4 insize=10641 outsize=855 ok=1
Cmd: compileComputeKernel
  api=4 insize=10641 outsize=677 ok=1
Cmd: compileComputeKernel
  api=4 insize=10641 outsize=762 ok=1
Cmd: compileComputeKernel
  api=4 insize=10641 outsize=1310 ok=1
Cmd: compileComputeKernel
  api=4 insize=10641 outsize=1313 ok=1
Cmd: compileComputeKernel
  api=4 insize=10641 outsize=838 ok=1
Cmd: compileComputeKernel
  api=4 insize=10641 outsize=1292 ok=1
Cmd: compileComputeKernel
  api=4 insize=10641 outsize=1547 ok=1
Cmd: compileComputeKernel
  api=4 insize=10641 outsize=1457 ok=1
Cmd: compileComputeKernel
  api=4 insize=10641 outsize=1363 ok=1
Cmd: compileComputeKernel
  api=4 insize=10641 outsize=1359 ok=1
Cmd: compileComputeKernel
  api=4 insize=10641 outsize=1248 ok=1
Cmd: compileComputeKernel
  api=4 insize=10641 outsize=1261 ok=1
Cmd: compileComputeKernel
  api=4 insize=10641 outsize=1830 ok=1
Cmd: compileComputeKernel
  api=4 insize=10641 outsize=1533 ok=1
Cmd: compileComputeKernel
  api=4 insize=10641 outsize=1565 ok=1
Cmd: compileComputeKernel
  api=4 insize=10641 outsize=1765 ok=1
Cmd: compileComputeKernel
  api=4 insize=10641 outsize=1224 ok=1
Cmd: compileComputeKernel
  api=4 insize=10641 outsize=1264 ok=1
Cmd: compileComputeKernel
  api=4 insize=4442 outsize=1750 ok=1
Cmd: shutdown
